# JRE version: OpenJDK Runtime Environment Corretto-22.0.2.9.1 (22.0.2+9) (build 22.0.2+9-FR)
# Java VM: OpenJDK 64-Bit Server VM Corretto-22.0.2.9.1 (22.0.2+9-FR, mixed mode, sharing, tiered, compressed oops, compressed class ptrs, g1 gc, windows-amd64)
GC Precious Log:
 CardTable entry size: 512
 Card Set container configuration: InlinePtr #cards 5 size 8 Array Of Cards #cards 12 size 40 Howl #buckets 4 coarsen threshold 1843 Howl Bitmap #cards 512 size 80 coarsen threshold 460 Card regions per heap region 1 cards per card region 2048
 CPUs: 8 total, 8 available
 Memory: 7413M
 Large Page Support: Disabled
 NUMA Support: Disabled
 Compressed Oops: Enabled (32-bit)
 Heap Region Size: 1M
 Heap Min Capacity: 8M
 Heap Initial Capacity: 116M
 Heap Max Capacity: 1854M
 Pre-touch: Disabled
 Parallel Workers: 8
 Concurrent Workers: 2
 Concurrent Refinement Workers: 8
 Periodic GC: Disabled
Heap:
 garbage-first heap   total reserved 1898496K, committed 45056K, used 31845K [0x000000008c200000, 0x0000000100000000)
  region size 1024K, 17 young (17408K), 3 survivors (3072K)
 Metaspace       used 34223K, committed 34816K, reserved 1114112K
  class space    used 4415K, committed 4672K, reserved 1048576K
GC Heap History (12 events):
Event: 5.892 GC heap before
{Heap before GC invocations=0 (full 0):
 garbage-first heap   total reserved 1898496K, committed 118784K, used 24576K [0x000000008c200000, 0x0000000100000000)
  region size 1024K, 24 young (24576K), 0 survivors (0K)
 Metaspace       used 7171K, committed 7424K, reserved 1114112K
  class space    used 853K, committed 960K, reserved 1048576K
}
Event: 5.925 GC heap after
{Heap after GC invocations=1 (full 0):
 garbage-first heap   total reserved 1898496K, committed 118784K, used 7296K [0x000000008c200000, 0x0000000100000000)
  region size 1024K, 3 young (3072K), 3 survivors (3072K)
 Metaspace       used 7171K, committed 7424K, reserved 1114112K
  class space    used 853K, committed 960K, reserved 1048576K
}
Event: 7.460 GC heap before
{Heap before GC invocations=1 (full 0):
 garbage-first heap   total reserved 1898496K, committed 118784K, used 35968K [0x000000008c200000, 0x0000000100000000)
  region size 1024K, 32 young (32768K), 3 survivors (3072K)
 Metaspace       used 15180K, committed 15552K, reserved 1114112K
  class space    used 1906K, committed 2112K, reserved 1048576K
}
Event: 7.469 GC heap after
{Heap after GC invocations=2 (full 0):
 garbage-first heap   total reserved 1898496K, committed 118784K, used 10213K [0x000000008c200000, 0x0000000100000000)
  region size 1024K, 3 young (3072K), 3 survivors (3072K)
 Metaspace       used 15180K, committed 15552K, reserved 1114112K
  class space    used 1906K, committed 2112K, reserved 1048576K
}
Event: 8.458 GC heap before
{Heap before GC invocations=2 (full 0):
 garbage-first heap   total reserved 1898496K, committed 118784K, used 29669K [0x000000008c200000, 0x0000000100000000)
  region size 1024K, 24 young (24576K), 3 survivors (3072K)
 Metaspace       used 21048K, committed 21504K, reserved 1114112K
  class space    used 2641K, committed 2880K, reserved 1048576K
}
Event: 8.468 GC heap after
{Heap after GC invocations=3 (full 0):
 garbage-first heap   total reserved 1898496K, committed 118784K, used 12426K [0x000000008c200000, 0x0000000100000000)
  region size 1024K, 5 young (5120K), 5 survivors (5120K)
 Metaspace       used 21048K, committed 21504K, reserved 1114112K
  class space    used 2641K, committed 2880K, reserved 1048576K
}
Event: 9.633 GC heap before
{Heap before GC invocations=4 (full 0):
 garbage-first heap   total reserved 1898496K, committed 45056K, used 32906K [0x000000008c200000, 0x0000000100000000)
  region size 1024K, 26 young (26624K), 5 survivors (5120K)
 Metaspace       used 23457K, committed 23872K, reserved 1114112K
  class space    used 2942K, committed 3136K, reserved 1048576K
}
Event: 9.646 GC heap after
{Heap after GC invocations=5 (full 0):
 garbage-first heap   total reserved 1898496K, committed 45056K, used 14010K [0x000000008c200000, 0x0000000100000000)
  region size 1024K, 2 young (2048K), 2 survivors (2048K)
 Metaspace       used 23457K, committed 23872K, reserved 1114112K
  class space    used 2942K, committed 3136K, reserved 1048576K
}
Event: 11.329 GC heap before
{Heap before GC invocations=5 (full 0):
 garbage-first heap   total reserved 1898496K, committed 45056K, used 34490K [0x000000008c200000, 0x0000000100000000)
  region size 1024K, 22 young (22528K), 2 survivors (2048K)
 Metaspace       used 26683K, committed 27200K, reserved 1114112K
  class space    used 3411K, committed 3648K, reserved 1048576K
}
Event: 11.342 GC heap after
{Heap after GC invocations=6 (full 0):
 garbage-first heap   total reserved 1898496K, committed 45056K, used 16384K [0x000000008c200000, 0x0000000100000000)
  region size 1024K, 2 young (2048K), 2 survivors (2048K)
 Metaspace       used 26683K, committed 27200K, reserved 1114112K
  class space    used 3411K, committed 3648K, reserved 1048576K
}
Event: 13.398 GC heap before
{Heap before GC invocations=6 (full 0):
 garbage-first heap   total reserved 1898496K, committed 45056K, used 36864K [0x000000008c200000, 0x0000000100000000)
  region size 1024K, 22 young (22528K), 2 survivors (2048K)
 Metaspace       used 31160K, committed 31680K, reserved 1114112K
  class space    used 4020K, committed 4224K, reserved 1048576K
}
Event: 13.406 GC heap after
{Heap after GC invocations=7 (full 0):
 garbage-first heap   total reserved 1898496K, committed 45056K, used 18533K [0x000000008c200000, 0x0000000100000000)
  region size 1024K, 3 young (3072K), 3 survivors (3072K)
 Metaspace       used 31160K, committed 31680K, reserved 1114112K
  class space    used 4020K, committed 4224K, reserved 1048576K
}

